=== START 2025-10-01T21:28:20.3310137-05:00 ===
2025-10-01T21:28:20.7093906-05:00 Ensuring directories
2025-10-01T21:28:21.2514505-05:00 requirements.txt exists
2025-10-01T21:28:21.5310870-05:00 Template exists
2025-10-01T21:28:21.6384344-05:00 Venv present
2025-10-01T21:28:21.7994769-05:00 Activating venv and installing requirements
Requirement already satisfied: pip in d:\semptify\semptifygui\.venv\lib\site-packages (25.2)
Requirement already satisfied: Flask>=3.1.2 in d:\semptify\semptifygui\.venv\lib\site-packages (from -r requirements.txt (line 1)) (3.1.2)
Requirement already satisfied: waitress>=2.1.2 in d:\semptify\semptifygui\.venv\lib\site-packages (from -r requirements.txt (line 2)) (3.0.2)
Requirement already satisfied: requests>=2.31.0 in d:\semptify\semptifygui\.venv\lib\site-packages (from -r requirements.txt (line 3)) (2.32.5)
Requirement already satisfied: flask-wtf>=1.1.1 in d:\semptify\semptifygui\.venv\lib\site-packages (from -r requirements.txt (line 4)) (1.2.2)
Requirement already satisfied: flask-login>=0.6.3 in d:\semptify\semptifygui\.venv\lib\site-packages (from -r requirements.txt (line 5)) (0.6.3)
Requirement already satisfied: blinker>=1.9.0 in d:\semptify\semptifygui\.venv\lib\site-packages (from Flask>=3.1.2->-r requirements.txt (line 1)) (1.9.0)
Requirement already satisfied: click>=8.1.3 in d:\semptify\semptifygui\.venv\lib\site-packages (from Flask>=3.1.2->-r requirements.txt (line 1)) (8.3.0)
Requirement already satisfied: itsdangerous>=2.2.0 in d:\semptify\semptifygui\.venv\lib\site-packages (from Flask>=3.1.2->-r requirements.txt (line 1)) (2.2.0)
Requirement already satisfied: jinja2>=3.1.2 in d:\semptify\semptifygui\.venv\lib\site-packages (from Flask>=3.1.2->-r requirements.txt (line 1)) (3.1.6)
Requirement already satisfied: markupsafe>=2.1.1 in d:\semptify\semptifygui\.venv\lib\site-packages (from Flask>=3.1.2->-r requirements.txt (line 1)) (3.0.3)
Requirement already satisfied: werkzeug>=3.1.0 in d:\semptify\semptifygui\.venv\lib\site-packages (from Flask>=3.1.2->-r requirements.txt (line 1)) (3.1.3)
Requirement already satisfied: charset_normalizer<4,>=2 in d:\semptify\semptifygui\.venv\lib\site-packages (from requests>=2.31.0->-r requirements.txt (line 3)) (3.4.3)
Requirement already satisfied: idna<4,>=2.5 in d:\semptify\semptifygui\.venv\lib\site-packages (from requests>=2.31.0->-r requirements.txt (line 3)) (3.10)
Requirement already satisfied: urllib3<3,>=1.21.1 in d:\semptify\semptifygui\.venv\lib\site-packages (from requests>=2.31.0->-r requirements.txt (line 3)) (2.5.0)
Requirement already satisfied: certifi>=2017.4.17 in d:\semptify\semptifygui\.venv\lib\site-packages (from requests>=2.31.0->-r requirements.txt (line 3)) (2025.8.3)
Requirement already satisfied: wtforms in d:\semptify\semptifygui\.venv\lib\site-packages (from flask-wtf>=1.1.1->-r requirements.txt (line 4)) (3.2.1)
Requirement already satisfied: colorama in d:\semptify\semptifygui\.venv\lib\site-packages (from click>=8.1.3->Flask>=3.1.2->-r requirements.txt (line 1)) (0.4.6)
2025-10-01T21:28:32.1256038-05:00 Running pytest (if tests exist)
2025-10-01T21:28:37.3692434-05:00 pytest finished
2025-10-01T21:28:37.7226571-05:00 Setup script completed
=== END 2025-10-01T21:28:37.7957376-05:00 ===
