[2025-10-01 08:38:05] SemptifyGUI initialized with folders: uploads, logs, copilot_sync, final_notices, security
[2025-10-01 08:38:06] SemptifyGUI initialized with folders: uploads, logs, copilot_sync, final_notices, security
[2025-10-01 08:47:48] SemptifyGUI initialized with folders: uploads, logs, copilot_sync, final_notices, security
[2025-10-01 08:47:49] SemptifyGUI initialized with folders: uploads, logs, copilot_sync, final_notices, security
[2025-10-01 08:54:09] SemptifyGUI initialized with folders: uploads, logs, copilot_sync, final_notices, security
[2025-10-01 08:54:09] SemptifyGUI initialized with folders: uploads, logs, copilot_sync, final_notices, security
[2025-10-01 14:08:09] SemptifyGUI initialized with folders: uploads, logs, copilot_sync, final_notices, security
[2025-10-01 14:08:10] SemptifyGUI initialized with folders: uploads, logs, copilot_sync, final_notices, security
[2025-10-01 14:14:02] SemptifyGUI initialized with folders: uploads, logs, copilot_sync, final_notices, security
[2025-10-01 14:14:24] SemptifyGUI initialized with folders: uploads, logs, copilot_sync, final_notices, security
[2025-10-01 14:15:08] SemptifyGUI initialized with folders: uploads, logs, copilot_sync, final_notices, security
[2025-10-01 14:15:17] SemptifyGUI initialized with folders: uploads, logs, copilot_sync, final_notices, security
[2025-10-01 14:34:33] SemptifyGUI initialized with folders: uploads, logs, copilot_sync, final_notices, security
[2025-10-01 14:34:52] SemptifyGUI initialized with folders: uploads, logs, copilot_sync, final_notices, security
[2025-10-01 14:43:14] SemptifyGUI initialized with folders: uploads, logs, copilot_sync, final_notices, security
[2025-10-01 14:44:01] SemptifyGUI initialized with folders: uploads, logs, copilot_sync, final_notices, security
[2025-10-01 14:44:22] SemptifyGUI initialized with folders: uploads, logs, copilot_sync, final_notices, security
[2025-10-01 14:46:53] SemptifyGUI initialized with folders: uploads, logs, copilot_sync, final_notices, security
[2025-10-03 12:44:08] SemptifyGUI initialized with folders: uploads, logs, copilot_sync, final_notices, security
[2025-10-03 12:44:09] SemptifyGUI initialized with folders: uploads, logs, copilot_sync, final_notices, security
[2025-10-08 21:19:37] SemptifyGUI initialized with folders: uploads, logs, copilot_sync, final_notices, security | security_mode=open
[2025-10-08 21:19:44] SemptifyGUI initialized with folders: uploads, logs, copilot_sync, final_notices, security | security_mode=open
[2025-10-08 21:19:44] SemptifyGUI initialized with folders: uploads, logs, copilot_sync, final_notices, security | security_mode=enforced
[2025-10-08 21:19:44] UNAUTHORIZED admin attempt path=/admin ip=127.0.0.1
[2025-10-08 21:19:44] UNAUTHORIZED admin attempt path=/admin ip=127.0.0.1
[2025-10-08 21:19:44] SemptifyGUI initialized with folders: uploads, logs, copilot_sync, final_notices, security | security_mode=enforced
[2025-10-08 21:19:44] UNAUTHORIZED admin attempt path=/admin/status ip=127.0.0.1
[2025-10-08 21:19:44] SemptifyGUI initialized with folders: uploads, logs, copilot_sync, final_notices, security | security_mode=enforced
[2025-10-08 21:19:44] CSRF_FAIL path=/release_now ip=127.0.0.1
[2025-10-08 21:19:44] SemptifyGUI initialized with folders: uploads, logs, copilot_sync, final_notices, security | security_mode=enforced
[2025-10-08 21:19:44] release_now failed: missing GITHUB_TOKEN
